XDG_VTNR=7
XDG_SESSION_ID=c1
SSH_AGENT_PID=1206
PWD_DB=/home/tutu/.pwd/ln
XDG_GREETER_DATA_DIR=/var/lib/lightdm-data/tutu
VTE_VERSION=4204
SHELL=/bin/bash
TERM=xterm
HISTSIZE=10000
GTK2_RC_FILES=/home/tutu/.gtkrc-2.0
WINDOWID=96468995
GTK_MODULES=canberra-gtk-module
USER=tutu
HISTFILESIZE=10000
LS_COLORS=rs=0:di=00;34:ln=00;31:mh=00:pi=40;33:so=01;35:do=01;35:bd=40;33;01:cd=40;33;01:or=01;05;37;41:mi=01;05;37;41:su=37;41:sg=30;43:ca=30;41:tw=30;42:ow=00;34:st=37;44:ex=00;32:*.tar=01;31:*.tgz=01;31:*.arc=01;31:*.arj=01;31:*.taz=01;31:*.lha=01;31:*.lz4=01;31:*.lzh=01;31:*.lzma=01;31:*.tlz=01;31:*.txz=01;31:*.tzo=01;31:*.t7z=01;31:*.zip=01;31:*.z=01;31:*.Z=01;31:*.dz=01;31:*.gz=01;31:*.lrz=01;31:*.lz=01;31:*.lzo=01;31:*.xz=01;31:*.bz2=01;31:*.bz=01;31:*.tbz=01;31:*.tbz2=01;31:*.tz=01;31:*.deb=01;31:*.rpm=01;31:*.jar=01;31:*.war=01;31:*.ear=01;31:*.sar=01;31:*.rar=01;31:*.alz=01;31:*.ace=01;31:*.zoo=01;31:*.cpio=01;31:*.7z=01;31:*.rz=01;31:*.cab=01;31:*.jpg=01;35:*.jpeg=01;35:*.gif=01;35:*.bmp=01;35:*.pbm=01;35:*.pgm=01;35:*.ppm=01;35:*.tga=01;35:*.xbm=01;35:*.xpm=01;35:*.tif=01;35:*.tiff=01;35:*.png=01;35:*.svg=01;35:*.svgz=01;35:*.mng=01;35:*.pcx=01;35:*.mov=01;35:*.mpg=01;35:*.mpeg=01;35:*.m2v=01;35:*.mkv=01;35:*.webm=01;35:*.ogm=01;35:*.mp4=01;35:*.m4v=01;35:*.mp4v=01;35:*.vob=01;35:*.qt=01;35:*.nuv=01;35:*.wmv=01;35:*.asf=01;35:*.rm=01;35:*.rmvb=01;35:*.flc=01;35:*.avi=01;35:*.fli=01;35:*.flv=01;35:*.gl=01;35:*.dl=01;35:*.xcf=01;35:*.xwd=01;35:*.yuv=01;35:*.cgm=01;35:*.emf=01;35:*.axv=01;35:*.anx=01;35:*.ogv=01;35:*.ogx=01;35:*.pdf=00;32:*.ps=00;32:*.txt=00;32:*.patch=00;32:*.diff=00;32:*.log=00;32:*.tex=00;32:*.doc=00;32:*.aac=00;36:*.au=00;36:*.flac=00;36:*.m4a=00;36:*.mid=00;36:*.midi=00;36:*.mka=00;36:*.mp3=00;36:*.mpc=00;36:*.ogg=00;36:*.ra=00;36:*.wav=00;36:*.axa=00;36:*.oga=00;36:*.spx=00;36:*.xspf=00;36:
XDG_SESSION_PATH=/org/freedesktop/DisplayManager/Session0
XDG_SEAT_PATH=/org/freedesktop/DisplayManager/Seat0
SSH_AUTH_SOCK=/tmp/ssh-8Fh1y5nh5gqL/agent.1205
COLUMNS=86
MOZ_PLUGIN_PATH=/usr/lib/mozilla/plugins
DESKTOP_SESSION=i3
MAIL=/var/spool/mail/tutu
PATH=/usr/local/sbin:/usr/local/bin:/usr/bin:/usr/lib/jvm/default/bin:/usr/bin/site_perl:/usr/bin/vendor_perl:/usr/bin/core_perl:/home/tutu/install/binutils-2.25_arm/bin
_=/usr/bin/gdb
PWD=/home/tutu/Seafile/MesFichiers/secu/ctf/Oops/warmup/env
XDG_SESSION_TYPE=x11
JAVA_HOME=/usr/lib/jvm/java-8-openjdk
EDITOR=vim
LANG=en_US.UTF-8
LINES=20
GDMSESSION=i3
HERE=/home/tutu/Seafile/MesFichiers/myconf/bash
HISTCONTROL=ignoreboth
JAVA_FONTS=/usr/share/fonts/TTF
SHLVL=2
HOME=/home/tutu
XDG_SEAT=seat0
UBUNTU=128.199.100.70
LOGNAME=tutu
XDG_SESSION_DESKTOP=i3
DBUS_SESSION_BUS_ADDRESS=unix:path=/run/user/1000/bus
DNS=ns3002149.ip-37-59-41.eu
BROWSER=/usr/bin/palemoon
DISPLAY=:0
XDG_RUNTIME_DIR=/run/user/1000
XDG_CURRENT_DESKTOP=i3
XAUTHORITY=/home/tutu/.Xauthority
argv = 0xffffd2c4 envp = 0xffffd2cc
